#
# There is insufficient memory for the Java Runtime Environment to continue.
# Native memory allocation (malloc) failed to allocate 762336 bytes for Chunk::new
# Possible reasons:
#   The system is out of physical RAM or swap space
#   The process is running with CompressedOops enabled, and the Java Heap may be blocking the growth of the native heap
# Possible solutions:
#   Reduce memory load on the system
#   Increase physical memory or swap space
#   Check if swap backing store is full
#   Decrease Java heap size (-Xmx/-Xms)
#   Decrease number of Java threads
#   Decrease Java thread stack sizes (-Xss)
#   Set larger code cache with -XX:ReservedCodeCacheSize=
#   JVM is running with Unscaled Compressed Oops mode in which the Java heap is
#     placed in the first 4GB address space. The Java Heap base address is the
#     maximum limit for the native heap growth. Please use -XX:HeapBaseMinAddress
#     to set the Java Heap base and to place the Java Heap above 4GB virtual address.
# This output file may be truncated or incomplete.
#
#  Out of Memory Error (allocation.cpp:389), pid=3784, tid=0x0000000000003a24
#
# JRE version: OpenJDK Runtime Environment (8.0_202-b03) (build 1.8.0_202-release-1483-b03)
# Java VM: OpenJDK 64-Bit Server VM (25.202-b03 mixed mode windows-amd64 compressed oops)
# Failed to write core dump. Minidumps are not enabled by default on client versions of Windows
#

---------------  T H R E A D  ---------------

Current thread (0x000000001655f000):  JavaThread "C2 CompilerThread0" daemon [_thread_in_native, id=14884, stack(0x0000000017ba0000,0x0000000017ca0000)]

Stack: [0x0000000017ba0000,0x0000000017ca0000]
[error occurred during error reporting (printing stack bounds), id 0xc0000005]

Native frames: (J=compiled Java code, j=interpreted, Vv=VM code, C=native code)


Current CompileTask:
C2: 828309 21132       4       com.android.tools.r8.dex.DexParser::parseDebugInfo (613 bytes)


---------------  P R O C E S S  ---------------

Java Threads: ( => current thread )
  0x00000000272f1000 JavaThread "ForkJoinPool-1-worker-0" daemon [_thread_blocked, id=5420, stack(0x000000002a4b0000,0x000000002a5b0000)]
  0x00000000272ee800 JavaThread "ForkJoinPool-1-worker-3" daemon [_thread_blocked, id=2204, stack(0x000000002a3b0000,0x000000002a4b0000)]
  0x00000000272f5800 JavaThread "ForkJoinPool-1-worker-2" daemon [_thread_blocked, id=680, stack(0x000000002a2b0000,0x000000002a3b0000)]
  0x00000000272f1800 JavaThread "ForkJoinPool-1-worker-1" daemon [_thread_in_Java, id=7712, stack(0x000000002a1b0000,0x000000002a2b0000)]
  0x000000001c402800 JavaThread "Cache worker for Java compile cache (C:\Users\Oladimeji Marvellous\Downloads\android-recycler\.gradle\4.10.1\javaCompile)" [_thread_blocked, id=11244, stack(0x0000000027140000,0x0000000027240000)]
  0x000000001c403000 JavaThread "Cache worker for Java compile cache (C:\Users\Oladimeji Marvellous\.gradle\caches\4.10.1\javaCompile)" [_thread_blocked, id=11724, stack(0x0000000027040000,0x0000000027140000)]
  0x000000001c40c000 JavaThread "stdout" daemon [_thread_in_native, id=1696, stack(0x0000000026f40000,0x0000000027040000)]
  0x000000001c407800 JavaThread "stderr" daemon [_thread_in_native, id=464, stack(0x0000000026e40000,0x0000000026f40000)]
  0x000000001c40b800 JavaThread "stdout" daemon [_thread_in_native, id=8996, stack(0x0000000026d40000,0x0000000026e40000)]
  0x000000001c40a800 JavaThread "stderr" daemon [_thread_in_native, id=9524, stack(0x0000000026c40000,0x0000000026d40000)]
  0x000000001c404000 JavaThread "stdout" daemon [_thread_in_native, id=14124, stack(0x0000000026b40000,0x0000000026c40000)]
  0x000000001c40a000 JavaThread "stderr" daemon [_thread_in_native, id=14388, stack(0x0000000026a40000,0x0000000026b40000)]
  0x000000001c404800 JavaThread "pool-3-thread-1" [_thread_in_native, id=11408, stack(0x0000000026940000,0x0000000026a40000)]
  0x000000001c407000 JavaThread "MarlinRenderer Disposer" daemon [_thread_blocked, id=13336, stack(0x0000000026640000,0x0000000026740000)]
  0x000000001c401800 JavaThread "Java2D Disposer" daemon [_thread_blocked, id=14216, stack(0x0000000026540000,0x0000000026640000)]
  0x000000001c401000 JavaThread "Cache worker for Build Output Cleanup Cache (C:\Users\Oladimeji Marvellous\Downloads\android-recycler\.gradle\buildOutputCleanup)" [_thread_blocked, id=5460, stack(0x0000000026140000,0x0000000026240000)]
  0x000000001c406000 JavaThread "Cache worker for task history cache (C:\Users\Oladimeji Marvellous\Downloads\android-recycler\.gradle\4.10.1\taskHistory)" [_thread_blocked, id=11548, stack(0x0000000026040000,0x0000000026140000)]
  0x000000001c400000 JavaThread "Task worker for ':' Thread 3" [_thread_blocked, id=14988, stack(0x0000000025f40000,0x0000000026040000)]
  0x0000000018d32800 JavaThread "Task worker for ':' Thread 2" [_thread_blocked, id=14784, stack(0x0000000025e40000,0x0000000025f40000)]
  0x0000000018d31000 JavaThread "Task worker for ':'" [_thread_blocked, id=15220, stack(0x0000000025d40000,0x0000000025e40000)]
  0x0000000018d2e800 JavaThread "Cache worker for file content cache (C:\Users\Oladimeji Marvellous\Downloads\android-recycler\.gradle\4.10.1\fileContent)" [_thread_blocked, id=14748, stack(0x0000000025c40000,0x0000000025d40000)]
  0x0000000019e71000 JavaThread "Cache worker for file content cache (C:\Users\Oladimeji Marvellous\.gradle\caches\4.10.1\fileContent)" [_thread_blocked, id=10752, stack(0x0000000025b40000,0x0000000025c40000)]
  0x0000000019e70000 JavaThread "Build operations Thread 4" [_thread_blocked, id=6568, stack(0x0000000025a40000,0x0000000025b40000)]
  0x0000000019e6f000 JavaThread "Build operations Thread 3" [_thread_blocked, id=10592, stack(0x0000000025940000,0x0000000025a40000)]
  0x0000000019e73000 JavaThread "Build operations Thread 2" [_thread_blocked, id=15024, stack(0x0000000025840000,0x0000000025940000)]
  0x0000000019e6e800 JavaThread "Build operations" [_thread_blocked, id=14028, stack(0x0000000025740000,0x0000000025840000)]
  0x0000000019e72800 JavaThread "Cache worker for cache directory md-rule (C:\Users\Oladimeji Marvellous\.gradle\caches\4.10.1\md-rule)" [_thread_blocked, id=4448, stack(0x0000000025640000,0x0000000025740000)]
  0x0000000019e71800 JavaThread "Cache worker for cache directory md-supplier (C:\Users\Oladimeji Marvellous\.gradle\caches\4.10.1\md-supplier)" [_thread_blocked, id=15196, stack(0x0000000025540000,0x0000000025640000)]
  0x0000000019e6d000 JavaThread "Cache worker for file hash cache (C:\Users\Oladimeji Marvellous\Downloads\android-recycler\.gradle\4.10.1\fileHashes)" [_thread_blocked, id=4184, stack(0x0000000025440000,0x0000000025540000)]
  0x0000000019e6c000 JavaThread "Asynchronous log dispatcher for DefaultDaemonConnection: socket connection from /127.0.0.1:53467 to /127.0.0.1:53512" [_thread_blocked, id=14596, stack(0x0000000025240000,0x0000000025340000)]
  0x0000000019e6a800 JavaThread "Daemon worker Thread 2" [_thread_blocked, id=10572, stack(0x0000000025140000,0x0000000025240000)]
  0x0000000019e68800 JavaThread "Cancel handler" [_thread_blocked, id=5492, stack(0x0000000025040000,0x0000000025140000)]
  0x0000000019e6a000 JavaThread "Handler for socket connection from /127.0.0.1:53467 to /127.0.0.1:53512" [_thread_in_native, id=11984, stack(0x0000000024f40000,0x0000000025040000)]
  0x0000000019e67800 JavaThread "Daemon Thread 2" [_thread_blocked, id=13256, stack(0x0000000024e40000,0x0000000024f40000)]
  0x0000000019e64800 JavaThread "Memory manager" [_thread_blocked, id=12176, stack(0x0000000022f30000,0x0000000023030000)]
  0x0000000019e6b800 JavaThread "pool-1-thread-1" [_thread_blocked, id=2564, stack(0x0000000021e30000,0x0000000021f30000)]
  0x0000000018d33000 JavaThread "Cache worker for Artifact transforms cache (C:\Users\Oladimeji Marvellous\.gradle\caches\transforms-1)" [_thread_blocked, id=4064, stack(0x0000000020830000,0x0000000020930000)]
  0x0000000018d34800 JavaThread "Cache worker for journal cache (C:\Users\Oladimeji Marvellous\.gradle\caches\journal-1)" [_thread_blocked, id=6684, stack(0x000000001e450000,0x000000001e550000)]
  0x0000000017f52800 JavaThread "File lock request listener" [_thread_in_native, id=7504, stack(0x000000001e250000,0x000000001e350000)]
  0x0000000018b02000 JavaThread "Cache worker for file hash cache (C:\Users\Oladimeji Marvellous\.gradle\caches\4.10.1\fileHashes)" [_thread_blocked, id=7724, stack(0x000000001d180000,0x000000001d280000)]
  0x00000000198e5000 JavaThread "Daemon periodic checks" [_thread_blocked, id=14452, stack(0x000000001b6b0000,0x000000001b7b0000)]
  0x00000000194b3800 JavaThread "Incoming local TCP Connector on port 53467" [_thread_in_native, id=13300, stack(0x0000000019c70000,0x0000000019d70000)]
  0x00000000165bd000 JavaThread "Service Thread" daemon [_thread_blocked, id=1032, stack(0x00000000182a0000,0x00000000183a0000)]
  0x00000000165b9000 JavaThread "C1 CompilerThread2" daemon [_thread_blocked, id=14384, stack(0x00000000181a0000,0x00000000182a0000)]
  0x0000000016564000 JavaThread "C2 CompilerThread1" daemon [_thread_in_native, id=7468, stack(0x0000000017ca0000,0x0000000017da0000)]
=>0x000000001655f000 JavaThread "C2 CompilerThread0" daemon [_thread_in_native, id=14884, stack(0x0000000017ba0000,0x0000000017ca0000)]
  0x000000001655a000 JavaThread "Attach Listener" daemon [_thread_blocked, id=1756, stack(0x0000000017aa0000,0x0000000017ba0000)]
  0x0000000016558800 JavaThread "Signal Dispatcher" daemon [_thread_blocked, id=13648, stack(0x00000000179a0000,0x0000000017aa0000)]
  0x0000000002beb000 JavaThread "Finalizer" daemon [_thread_blocked, id=9248, stack(0x00000000177b0000,0x00000000178b0000)]
  0x0000000016549000 JavaThread "Reference Handler" daemon [_thread_blocked, id=13904, stack(0x00000000176b0000,0x00000000177b0000)]
  0x00000000029de000 JavaThread "main" [_thread_blocked, id=14476, stack(0x00000000029f0000,0x0000000002af0000)]

Other Threads:
  0x0000000016528000 VMThread [stack: 0x00000000175b0000,0x00000000176b0000] [id=3120]
  0x00000000165be000 WatcherThread [stack: 0x00000000183a0000,0x00000000184a0000] [id=15240]

VM state:not at safepoint (normal execution)

VM Mutex/Monitor currently owned by a thread: None

heap address: 0x00000000a0000000, size: 1536 MB, Compressed Oops mode: 32-bit
Narrow klass base: 0x0000000000000000, Narrow klass shift: 3
Compressed class space size: 1073741824 Address: 0x0000000100000000

Heap:
 PSYoungGen      total 375296K, used 243209K [0x00000000e0000000, 0x00000000fac00000, 0x0000000100000000)
  eden space 345088K, 69% used [0x00000000e0000000,0x00000000eea46738,0x00000000f5100000)
  from space 30208K, 10% used [0x00000000f5100000,0x00000000f543c0a0,0x00000000f6e80000)
  to   space 26624K, 0% used [0x00000000f9200000,0x00000000f9200000,0x00000000fac00000)
 ParOldGen       total 143872K, used 78697K [0x00000000a0000000, 0x00000000a8c80000, 0x00000000e0000000)
  object space 143872K, 54% used [0x00000000a0000000,0x00000000a4cda788,0x00000000a8c80000)
 Metaspace       used 96684K, capacity 99899K, committed 100056K, reserved 1136640K
  class space    used 12002K, capacity 12665K, committed 12760K, reserved 1048576K

Card table byte_map: [0x0000000011fb0000,0x00000000122c0000] byte_map_base: 0x0000000011ab0000

Marking Bits: (ParMarkBitMap*) 0x000000006a0f9f30
 Begin Bits: [0x00000000128c0000, 0x00000000140c0000)
 End Bits:   [0x00000000140c0000, 0x00000000158c0000)

Polling page: 0x0000000002960000

CodeCache: size=245760Kb used=59351Kb max_used=59351Kb free=186408Kb
 bounds [0x0000000002bf0000, 0x0000000006630000, 0x0000000011bf0000]
 total_blobs=17687 nmethods=16671 adapters=927
 compilation: enabled

Compilation events (10 events):
Event: 827.483 Thread 0x00000000165b9000 21310 %     3       com.android.tools.r8.utils.ClassMap::getAllClasses @ 41 (104 bytes)
Event: 827.485 Thread 0x00000000165b9000 nmethod 21310% 0x0000000006629f90 code [0x000000000662a1e0, 0x000000000662b018]
Event: 827.485 Thread 0x00000000165b9000 21311       2       com.android.tools.r8.graph.DexProgramClass::originatesFromClassResource (16 bytes)
Event: 827.486 Thread 0x00000000165b9000 nmethod 21311 0x000000000662b650 code [0x000000000662b7a0, 0x000000000662b910]
Event: 827.556 Thread 0x00000000165b9000 21312 %s    3       com.android.tools.r8.graph.DexItemFactory::extractMarkers @ 19 (63 bytes)
Event: 827.560 Thread 0x00000000165b9000 nmethod 21312% 0x000000000662b990 code [0x000000000662bbe0, 0x000000000662cb18]
Event: 827.560 Thread 0x00000000165b9000 21314  s    3       com.android.tools.r8.graph.DexItemFactory::extractMarkers (63 bytes)
Event: 827.565 Thread 0x00000000165b9000 nmethod 21314 0x000000000662d390 code [0x000000000662d640, 0x000000000662eb18]
Event: 827.578 Thread 0x00000000165b9000 21316       1       com.android.tools.r8.graph.DexClass::clearEnclosingMethod (6 bytes)
Event: 827.578 Thread 0x00000000165b9000 nmethod 21316 0x000000000662f850 code [0x000000000662f9a0, 0x000000000662fad0]

GC Heap History (10 events):
Event: 744.820 GC heap before
{Heap before GC invocations=37 (full 4):
 PSYoungGen      total 333824K, used 301056K [0x00000000e0000000, 0x00000000f6600000, 0x0000000100000000)
  eden space 301056K, 100% used [0x00000000e0000000,0x00000000f2600000,0x00000000f2600000)
  from space 32768K, 0% used [0x00000000f4580000,0x00000000f4580000,0x00000000f6580000)
  to   space 32256K, 0% used [0x00000000f2600000,0x00000000f2600000,0x00000000f4580000)
 ParOldGen       total 143872K, used 62497K [0x00000000a0000000, 0x00000000a8c80000, 0x00000000e0000000)
  object space 143872K, 43% used [0x00000000a0000000,0x00000000a3d084e0,0x00000000a8c80000)
 Metaspace       used 95838K, capacity 98983K, committed 99160K, reserved 1136640K
  class space    used 11925K, capacity 12601K, committed 12632K, reserved 1048576K
Event: 745.086 GC heap after
Heap after GC invocations=37 (full 4):
 PSYoungGen      total 333312K, used 8616K [0x00000000e0000000, 0x00000000f8d00000, 0x0000000100000000)
  eden space 301056K, 0% used [0x00000000e0000000,0x00000000e0000000,0x00000000f2600000)
  from space 32256K, 26% used [0x00000000f2600000,0x00000000f2e6a298,0x00000000f4580000)
  to   space 30720K, 0% used [0x00000000f6f00000,0x00000000f6f00000,0x00000000f8d00000)
 ParOldGen       total 143872K, used 62505K [0x00000000a0000000, 0x00000000a8c80000, 0x00000000e0000000)
  object space 143872K, 43% used [0x00000000a0000000,0x00000000a3d0a4e0,0x00000000a8c80000)
 Metaspace       used 95838K, capacity 98983K, committed 99160K, reserved 1136640K
  class space    used 11925K, capacity 12601K, committed 12632K, reserved 1048576K
}
Event: 760.088 GC heap before
{Heap before GC invocations=38 (full 4):
 PSYoungGen      total 333312K, used 309672K [0x00000000e0000000, 0x00000000f8d00000, 0x0000000100000000)
  eden space 301056K, 100% used [0x00000000e0000000,0x00000000f2600000,0x00000000f2600000)
  from space 32256K, 26% used [0x00000000f2600000,0x00000000f2e6a298,0x00000000f4580000)
  to   space 30720K, 0% used [0x00000000f6f00000,0x00000000f6f00000,0x00000000f8d00000)
 ParOldGen       total 143872K, used 62505K [0x00000000a0000000, 0x00000000a8c80000, 0x00000000e0000000)
  object space 143872K, 43% used [0x00000000a0000000,0x00000000a3d0a4e0,0x00000000a8c80000)
 Metaspace       used 95865K, capacity 98983K, committed 99160K, reserved 1136640K
  class space    used 11926K, capacity 12601K, committed 12632K, reserved 1048576K
Event: 760.300 GC heap after
Heap after GC invocations=38 (full 4):
 PSYoungGen      total 374784K, used 3984K [0x00000000e0000000, 0x00000000f8c00000, 0x0000000100000000)
  eden space 345088K, 0% used [0x00000000e0000000,0x00000000e0000000,0x00000000f5100000)
  from space 29696K, 13% used [0x00000000f6f00000,0x00000000f72e4088,0x00000000f8c00000)
  to   space 30208K, 0% used [0x00000000f5100000,0x00000000f5100000,0x00000000f6e80000)
 ParOldGen       total 143872K, used 69719K [0x00000000a0000000, 0x00000000a8c80000, 0x00000000e0000000)
  object space 143872K, 48% used [0x00000000a0000000,0x00000000a4415ea8,0x00000000a8c80000)
 Metaspace       used 95865K, capacity 98983K, committed 99160K, reserved 1136640K
  class space    used 11926K, capacity 12601K, committed 12632K, reserved 1048576K
}
Event: 778.945 GC heap before
{Heap before GC invocations=39 (full 4):
 PSYoungGen      total 374784K, used 349072K [0x00000000e0000000, 0x00000000f8c00000, 0x0000000100000000)
  eden space 345088K, 100% used [0x00000000e0000000,0x00000000f5100000,0x00000000f5100000)
  from space 29696K, 13% used [0x00000000f6f00000,0x00000000f72e4088,0x00000000f8c00000)
  to   space 30208K, 0% used [0x00000000f5100000,0x00000000f5100000,0x00000000f6e80000)
 ParOldGen       total 143872K, used 69719K [0x00000000a0000000, 0x00000000a8c80000, 0x00000000e0000000)
  object space 143872K, 48% used [0x00000000a0000000,0x00000000a4415ea8,0x00000000a8c80000)
 Metaspace       used 95922K, capacity 99119K, committed 99160K, reserved 1136640K
  class space    used 11928K, capacity 12601K, committed 12632K, reserved 1048576K
Event: 779.019 GC heap after
Heap after GC invocations=39 (full 4):
 PSYoungGen      total 375296K, used 6965K [0x00000000e0000000, 0x00000000f8c00000, 0x0000000100000000)
  eden space 345088K, 0% used [0x00000000e0000000,0x00000000e0000000,0x00000000f5100000)
  from space 30208K, 23% used [0x00000000f5100000,0x00000000f57cd7c8,0x00000000f6e80000)
  to   space 29696K, 0% used [0x00000000f6f00000,0x00000000f6f00000,0x00000000f8c00000)
 ParOldGen       total 143872K, used 72457K [0x00000000a0000000, 0x00000000a8c80000, 0x00000000e0000000)
  object space 143872K, 50% used [0x00000000a0000000,0x00000000a46c2628,0x00000000a8c80000)
 Metaspace       used 95922K, capacity 99119K, committed 99160K, reserved 1136640K
  class space    used 11928K, capacity 12601K, committed 12632K, reserved 1048576K
}
Event: 795.774 GC heap before
{Heap before GC invocations=40 (full 4):
 PSYoungGen      total 375296K, used 352053K [0x00000000e0000000, 0x00000000f8c00000, 0x0000000100000000)
  eden space 345088K, 100% used [0x00000000e0000000,0x00000000f5100000,0x00000000f5100000)
  from space 30208K, 23% used [0x00000000f5100000,0x00000000f57cd7c8,0x00000000f6e80000)
  to   space 29696K, 0% used [0x00000000f6f00000,0x00000000f6f00000,0x00000000f8c00000)
 ParOldGen       total 143872K, used 72457K [0x00000000a0000000, 0x00000000a8c80000, 0x00000000e0000000)
  object space 143872K, 50% used [0x00000000a0000000,0x00000000a46c2628,0x00000000a8c80000)
 Metaspace       used 96001K, capacity 99203K, committed 99416K, reserved 1136640K
  class space    used 11930K, capacity 12603K, committed 12632K, reserved 1048576K
Event: 795.877 GC heap after
Heap after GC invocations=40 (full 4):
 PSYoungGen      total 374784K, used 7899K [0x00000000e0000000, 0x00000000f8c00000, 0x0000000100000000)
  eden space 345088K, 0% used [0x00000000e0000000,0x00000000e0000000,0x00000000f5100000)
  from space 29696K, 26% used [0x00000000f6f00000,0x00000000f76b6ed8,0x00000000f8c00000)
  to   space 30208K, 0% used [0x00000000f5100000,0x00000000f5100000,0x00000000f6e80000)
 ParOldGen       total 143872K, used 73858K [0x00000000a0000000, 0x00000000a8c80000, 0x00000000e0000000)
  object space 143872K, 51% used [0x00000000a0000000,0x00000000a4820b70,0x00000000a8c80000)
 Metaspace       used 96001K, capacity 99203K, committed 99416K, reserved 1136640K
  class space    used 11930K, capacity 12603K, committed 12632K, reserved 1048576K
}
Event: 813.207 GC heap before
{Heap before GC invocations=41 (full 4):
 PSYoungGen      total 374784K, used 352987K [0x00000000e0000000, 0x00000000f8c00000, 0x0000000100000000)
  eden space 345088K, 100% used [0x00000000e0000000,0x00000000f5100000,0x00000000f5100000)
  from space 29696K, 26% used [0x00000000f6f00000,0x00000000f76b6ed8,0x00000000f8c00000)
  to   space 30208K, 0% used [0x00000000f5100000,0x00000000f5100000,0x00000000f6e80000)
 ParOldGen       total 143872K, used 73858K [0x00000000a0000000, 0x00000000a8c80000, 0x00000000e0000000)
  object space 143872K, 51% used [0x00000000a0000000,0x00000000a4820b70,0x00000000a8c80000)
 Metaspace       used 96029K, capacity 99203K, committed 99416K, reserved 1136640K
  class space    used 11931K, capacity 12603K, committed 12632K, reserved 1048576K
Event: 813.270 GC heap after
Heap after GC invocations=41 (full 4):
 PSYoungGen      total 375296K, used 3312K [0x00000000e0000000, 0x00000000fac00000, 0x0000000100000000)
  eden space 345088K, 0% used [0x00000000e0000000,0x00000000e0000000,0x00000000f5100000)
  from space 30208K, 10% used [0x00000000f5100000,0x00000000f543c0a0,0x00000000f6e80000)
  to   space 26624K, 0% used [0x00000000f9200000,0x00000000f9200000,0x00000000fac00000)
 ParOldGen       total 143872K, used 78697K [0x00000000a0000000, 0x00000000a8c80000, 0x00000000e0000000)
  object space 143872K, 54% used [0x00000000a0000000,0x00000000a4cda788,0x00000000a8c80000)
 Metaspace       used 96029K, capacity 99203K, committed 99416K, reserved 1136640K
  class space    used 11931K, capacity 12603K, committed 12632K, reserved 1048576K
}

Deoptimization events (10 events):
Event: 826.193 Thread 0x00000000272ee800 Uncommon trap: reason=unstable_if action=reinterpret pc=0x0000000003d9866c method=java.util.Arrays.hashCode([Ljava/lang/Object;)I @ 1
Event: 826.193 Thread 0x00000000272f5800 Uncommon trap: reason=unstable_if action=reinterpret pc=0x0000000003d9866c method=java.util.Arrays.hashCode([Ljava/lang/Object;)I @ 1
Event: 826.193 Thread 0x00000000272ee800 Uncommon trap: reason=class_check action=maybe_recompile pc=0x00000000060ecfa0 method=com.android.tools.r8.dex.DexParser.cacheAt(ILjava/util/function/Supplier;)Ljava/lang/Object; @ 32
Event: 826.770 Thread 0x00000000272f5800 Uncommon trap: reason=bimorphic action=maybe_recompile pc=0x0000000005eb75e4 method=com.android.tools.r8.dex.DexParser.cacheAt(ILjava/util/function/Supplier;)Ljava/lang/Object; @ 32
Event: 826.770 Thread 0x00000000272f1000 Uncommon trap: reason=bimorphic action=maybe_recompile pc=0x0000000005eb75e4 method=com.android.tools.r8.dex.DexParser.cacheAt(ILjava/util/function/Supplier;)Ljava/lang/Object; @ 32
Event: 826.772 Thread 0x00000000272f5800 Uncommon trap: reason=bimorphic action=maybe_recompile pc=0x0000000005eb75e4 method=com.android.tools.r8.dex.DexParser.cacheAt(ILjava/util/function/Supplier;)Ljava/lang/Object; @ 32
Event: 826.773 Thread 0x00000000272f1000 Uncommon trap: reason=bimorphic action=maybe_recompile pc=0x0000000005eb75e4 method=com.android.tools.r8.dex.DexParser.cacheAt(ILjava/util/function/Supplier;)Ljava/lang/Object; @ 32
Event: 826.791 Thread 0x00000000272f1000 Uncommon trap: reason=unstable_if action=reinterpret pc=0x000000000589f3c4 method=com.android.tools.r8.it.unimi.dsi.fastutil.ints.Int2ObjectOpenHashMap.get(I)Ljava/lang/Object; @ 8
Event: 826.976 Thread 0x00000000272f5800 Uncommon trap: reason=unstable_if action=reinterpret pc=0x00000000059fa1a8 method=com.android.tools.r8.graph.DexProto.computeEquals(Ljava/lang/Object;)Z @ 51
Event: 827.231 Thread 0x00000000272ee800 Uncommon trap: reason=unloaded action=reinterpret pc=0x00000000065dcd4c method=com.android.tools.r8.code.BaseInstructionFactory.create(IILcom/android/tools/r8/code/BytecodeStream;Lcom/android/tools/r8/graph/OffsetToObjectMapping;)Lcom/android/tools/r8/cod

Classes redefined (0 events):
No events

Internal exceptions (10 events):
Event: 822.953 Thread 0x0000000018d31000 Exception <a 'sun/nio/fs/WindowsException'> (0x00000000e9a34490) thrown at [D:\src\AOSP-openjdk-cygwin\jdk8u\hotspot\src\share\vm\prims\jni.cpp, line 710]
Event: 823.078 Thread 0x0000000019e6f000 Exception <a 'sun/nio/fs/WindowsException'> (0x00000000e88f59d0) thrown at [D:\src\AOSP-openjdk-cygwin\jdk8u\hotspot\src\share\vm\prims\jni.cpp, line 710]
Event: 823.422 Thread 0x0000000019e6f000 Exception <a 'sun/nio/fs/WindowsException'> (0x00000000ea319848) thrown at [D:\src\AOSP-openjdk-cygwin\jdk8u\hotspot\src\share\vm\prims\jni.cpp, line 710]
Event: 823.806 Thread 0x0000000019e70000 Exception <a 'sun/nio/fs/WindowsException'> (0x00000000e97f30c0) thrown at [D:\src\AOSP-openjdk-cygwin\jdk8u\hotspot\src\share\vm\prims\jni.cpp, line 710]
Event: 823.971 Thread 0x0000000019e70000 Exception <a 'sun/nio/fs/WindowsException'> (0x00000000eab72db8) thrown at [D:\src\AOSP-openjdk-cygwin\jdk8u\hotspot\src\share\vm\prims\jni.cpp, line 710]
Event: 824.680 Thread 0x0000000018d31000 Exception <a 'sun/nio/fs/WindowsException'> (0x00000000ead7e3d0) thrown at [D:\src\AOSP-openjdk-cygwin\jdk8u\hotspot\src\share\vm\prims\jni.cpp, line 710]
Event: 824.743 Thread 0x0000000018d31000 Exception <a 'sun/nio/fs/WindowsException'> (0x00000000eaf28940) thrown at [D:\src\AOSP-openjdk-cygwin\jdk8u\hotspot\src\share\vm\prims\jni.cpp, line 710]
Event: 825.571 Thread 0x00000000272f1800 Exception <a 'sun/nio/fs/WindowsException'> (0x00000000eb6270d8) thrown at [D:\src\AOSP-openjdk-cygwin\jdk8u\hotspot\src\share\vm\prims\jni.cpp, line 710]
Event: 826.193 Thread 0x00000000272ee800 Implicit null exception at 0x0000000003d9856f to 0x0000000003d9865d
Event: 826.193 Thread 0x00000000272f5800 Implicit null exception at 0x0000000003d9856f to 0x0000000003d9865d

Events (10 events):
Event: 827.538 loading class com/android/tools/r8/com/google/gson/stream/JsonToken
Event: 827.538 loading class com/android/tools/r8/com/google/gson/stream/JsonToken done
Event: 827.542 loading class com/android/tools/r8/com/google/gson/internal/bind/TypeAdapters$36
Event: 827.542 loading class com/android/tools/r8/com/google/gson/internal/bind/TypeAdapters$36 done
Event: 827.560 Executing VM operation: RevokeBias
Event: 827.560 Executing VM operation: RevokeBias done
Event: 827.675 Executing VM operation: RevokeBias
Event: 827.687 Executing VM operation: RevokeBias done
Event: 827.688 loading class com/android/builder/internal/aapt/v2/Aapt2DaemonImpl$AllowShutdown
Event: 827.688 loading class com/android/builder/internal/aapt/v2/Aapt2DaemonImpl$AllowShutdown done


Dynamic libraries:
0x00007ff636f70000 - 0x00007ff636fa1000 	C:\Program Files\Android\Android Studio\jre\bin\java.exe
0x00007ffb51150000 - 0x00007ffb5132b000 	C:\WINDOWS\SYSTEM32\ntdll.dll
0x00007ffb49a10000 - 0x00007ffb49a24000 	C:\Program Files\AVAST Software\Avast\aswhook.dll
0x00007ffb4e8e0000 - 0x00007ffb4e98e000 	C:\WINDOWS\System32\KERNEL32.DLL
0x00007ffb4dad0000 - 0x00007ffb4dd19000 	C:\WINDOWS\System32\KERNELBASE.dll
0x00007ffb50a40000 - 0x00007ffb50ae1000 	C:\WINDOWS\System32\ADVAPI32.dll
0x00007ffb4e7e0000 - 0x00007ffb4e87d000 	C:\WINDOWS\System32\msvcrt.dll
0x00007ffb50d10000 - 0x00007ffb50d69000 	C:\WINDOWS\System32\sechost.dll
0x00007ffb4e6b0000 - 0x00007ffb4e7d5000 	C:\WINDOWS\System32\RPCRT4.dll
0x00007ffb4ed50000 - 0x00007ffb4ee9a000 	C:\WINDOWS\System32\USER32.dll
0x00007ffb4d870000 - 0x00007ffb4d88e000 	C:\WINDOWS\System32\win32u.dll
0x00007ffb50af0000 - 0x00007ffb50b17000 	C:\WINDOWS\System32\GDI32.dll
0x00007ffb4e420000 - 0x00007ffb4e5a9000 	C:\WINDOWS\System32\gdi32full.dll
0x00007ffb4d670000 - 0x00007ffb4d70a000 	C:\WINDOWS\System32\msvcp_win.dll
0x00007ffb4e5b0000 - 0x00007ffb4e6a6000 	C:\WINDOWS\System32\ucrtbase.dll
0x00007ffb3ca60000 - 0x00007ffb3ccc7000 	C:\WINDOWS\WinSxS\amd64_microsoft.windows.common-controls_6595b64144ccf1df_6.0.15063.0_none_108e4f62dfe5d999\COMCTL32.dll
0x00007ffb4ea50000 - 0x00007ffb4ed49000 	C:\WINDOWS\System32\combase.dll
0x00007ffb4da60000 - 0x00007ffb4daca000 	C:\WINDOWS\System32\bcryptPrimitives.dll
0x00007ffb50b20000 - 0x00007ffb50b4d000 	C:\WINDOWS\System32\IMM32.DLL
0x00000000696d0000 - 0x00000000697a2000 	C:\Program Files\Android\Android Studio\jre\jre\bin\msvcr100.dll
0x0000000069930000 - 0x000000006a176000 	C:\Program Files\Android\Android Studio\jre\jre\bin\server\jvm.dll
0x00007ffb51130000 - 0x00007ffb51138000 	C:\WINDOWS\System32\PSAPI.DLL
0x00007ffb448f0000 - 0x00007ffb448f9000 	C:\WINDOWS\SYSTEM32\WSOCK32.dll
0x00007ffb50b50000 - 0x00007ffb50bbc000 	C:\WINDOWS\System32\WS2_32.dll
0x00007ffb48500000 - 0x00007ffb48523000 	C:\WINDOWS\SYSTEM32\WINMM.dll
0x00007ffb49d40000 - 0x00007ffb49d4a000 	C:\WINDOWS\SYSTEM32\VERSION.dll
0x00007ffb47c80000 - 0x00007ffb47cab000 	C:\WINDOWS\SYSTEM32\WINMMBASE.dll
0x00007ffb4d770000 - 0x00007ffb4d7b9000 	C:\WINDOWS\System32\cfgmgr32.dll
0x00007ffb4a880000 - 0x00007ffb4a88f000 	C:\Program Files\Android\Android Studio\jre\jre\bin\verify.dll
0x00007ffb49f10000 - 0x00007ffb49f39000 	C:\Program Files\Android\Android Studio\jre\jre\bin\java.dll
0x00007ffb49f90000 - 0x00007ffb49fa6000 	C:\Program Files\Android\Android Studio\jre\jre\bin\zip.dll
0x00007ffb4eea0000 - 0x00007ffb502d7000 	C:\WINDOWS\System32\SHELL32.dll
0x00007ffb50990000 - 0x00007ffb50a3a000 	C:\WINDOWS\System32\shcore.dll
0x00007ffb4dd20000 - 0x00007ffb4e412000 	C:\WINDOWS\System32\windows.storage.dll
0x00007ffb4e880000 - 0x00007ffb4e8d1000 	C:\WINDOWS\System32\shlwapi.dll
0x00007ffb4d650000 - 0x00007ffb4d661000 	C:\WINDOWS\System32\kernel.appcore.dll
0x00007ffb4d600000 - 0x00007ffb4d64c000 	C:\WINDOWS\System32\powrprof.dll
0x00007ffb4d5c0000 - 0x00007ffb4d5d5000 	C:\WINDOWS\System32\profapi.dll
0x00007ffb3c3c0000 - 0x00007ffb3c3da000 	C:\Program Files\Android\Android Studio\jre\jre\bin\net.dll
0x00007ffb4ce70000 - 0x00007ffb4cecc000 	C:\WINDOWS\system32\mswsock.dll
0x00007ffb39cf0000 - 0x00007ffb39d01000 	C:\Program Files\Android\Android Studio\jre\jre\bin\nio.dll
0x00007ffb49f50000 - 0x00007ffb49f6e000 	C:\Users\Oladimeji Marvellous\.gradle\native\25\windows-amd64\native-platform.dll
0x00007ffb4a860000 - 0x00007ffb4a86d000 	C:\Program Files\Android\Android Studio\jre\jre\bin\management.dll
0x00007ffb4d010000 - 0x00007ffb4d027000 	C:\WINDOWS\SYSTEM32\CRYPTSP.dll
0x00007ffb4ca90000 - 0x00007ffb4cac4000 	C:\WINDOWS\system32\rsaenh.dll
0x00007ffb4d490000 - 0x00007ffb4d4b5000 	C:\WINDOWS\SYSTEM32\bcrypt.dll
0x00007ffb4d4f0000 - 0x00007ffb4d519000 	C:\WINDOWS\SYSTEM32\USERENV.dll
0x00007ffb4d030000 - 0x00007ffb4d03b000 	C:\WINDOWS\SYSTEM32\CRYPTBASE.dll
0x00007ffb4cc10000 - 0x00007ffb4cc47000 	C:\WINDOWS\SYSTEM32\IPHLPAPI.DLL
0x00007ffb51080000 - 0x00007ffb51088000 	C:\WINDOWS\System32\NSI.dll
0x00007ffb47b20000 - 0x00007ffb47b36000 	C:\WINDOWS\SYSTEM32\dhcpcsvc6.DLL
0x00007ffb48530000 - 0x00007ffb4854a000 	C:\WINDOWS\SYSTEM32\dhcpcsvc.DLL
0x00007ffb35a10000 - 0x00007ffb35a34000 	C:\Program Files\Android\Android Studio\jre\jre\bin\sunec.dll
0x00007ffb4cc60000 - 0x00007ffb4cd04000 	C:\WINDOWS\SYSTEM32\DNSAPI.dll
0x00007ffb39cd0000 - 0x00007ffb39cda000 	C:\Windows\System32\rasadhlp.dll
0x00007ffb45ef0000 - 0x00007ffb45f5b000 	C:\WINDOWS\System32\fwpuclnt.dll
0x00007ffb4a800000 - 0x00007ffb4a80b000 	C:\Program Files\Android\Android Studio\jre\jre\bin\sunmscapi.dll
0x00007ffb4d890000 - 0x00007ffb4da59000 	C:\WINDOWS\System32\CRYPT32.dll
0x00007ffb4d5e0000 - 0x00007ffb4d5f1000 	C:\WINDOWS\System32\MSASN1.dll
0x00007ffb34b70000 - 0x00007ffb34d0c000 	C:\Program Files\Android\Android Studio\jre\jre\bin\awt.dll
0x00007ffb4e990000 - 0x00007ffb4ea4f000 	C:\WINDOWS\System32\OLEAUT32.dll
0x00007ffb45550000 - 0x00007ffb4557a000 	C:\WINDOWS\SYSTEM32\dwmapi.dll
0x00007ffb4b120000 - 0x00007ffb4b6c4000 	C:\WINDOWS\SYSTEM32\d2d1.dll
0x00007ffb4bc80000 - 0x00007ffb4bcfe000 	C:\WINDOWS\SYSTEM32\apphelp.dll
0x00007ffb4be00000 - 0x00007ffb4be95000 	C:\WINDOWS\system32\uxtheme.dll

VM Arguments:
jvm_args: -Xmx1536m -Dfile.encoding=windows-1252 -Duser.country=US -Duser.language=en -Duser.variant 
java_command: org.gradle.launcher.daemon.bootstrap.GradleDaemon 4.10.1
java_class_path (initial): C:\Users\Oladimeji Marvellous\.gradle\wrapper\dists\gradle-4.10.1-all\455itskqi2qtf0v2sja68alqd\gradle-4.10.1\lib\gradle-launcher-4.10.1.jar
Launcher Type: SUN_STANDARD

Environment Variables:
PATH=C:\Program Files (x86)\Common Files\Intel\Shared Files\cpp\bin\Intel64;C:\Program Files\Microsoft MPI\Bin\;C:\Program Files (x86)\Common Files\Oracle\Java\javapath;C:\WINDOWS\system32;C:\WINDOWS;C:\WINDOWS\System32\Wbem;C:\WINDOWS\System32\WindowsPowerShell\v1.0\;C:\Program Files\nodejs\;C:\Users\Oladimeji Marvellous\AppData\Local\Microsoft\WindowsApps;C:\Users\Oladimeji Marvellous\AppData\Roaming\npm;C:\Users\Oladimeji Marvellous\AppData\Local\GitHubDesktop\bin
USERNAME=Oladimeji Marvellous
OS=Windows_NT
PROCESSOR_IDENTIFIER=Intel64 Family 6 Model 92 Stepping 9, GenuineIntel



---------------  S Y S T E M  ---------------

OS: Windows 10.0 , 64 bit Build 15063 (10.0.15063.0)

CPU:total 4 (initial active 4) (4 cores per cpu, 1 threads per core) family 6 model 92 stepping 9, cmov, cx8, fxsr, mmx, sse, sse2, sse3, ssse3, sse4.1, sse4.2, popcnt, aes, clmul, erms, 3dnowpref, tsc, tscinvbit

Memory: 4k page, physical 6137476k(283404k free), swap 12787696k(5168k free)

vm_info: OpenJDK 64-Bit Server VM (25.202-b03) for windows-amd64 JRE (1.8.0_202-release-1483-b03), built by "builder" with MS VC++ 10.0 (VS2010)

time: Mon Nov 04 16:29:37 2019
timezone: W. Central Africa Standard Time
elapsed time: 827 seconds (0d 0h 13m 47s)

